{
  "RSpec": {
    "coverage": {
      "/home/chong/Workspace/ruby_app/AddressBook/app/controllers/application_controller.rb": [
        1,
        1,
        null
      ],
      "/home/chong/Workspace/ruby_app/AddressBook/app/helpers/application_helper.rb": [
        1,
        null
      ],
      "/home/chong/Workspace/ruby_app/AddressBook/app/helpers/addresses_helper.rb": [
        1,
        null
      ],
      "/home/chong/Workspace/ruby_app/AddressBook/app/helpers/comments_helper.rb": [
        1,
        null
      ],
      "/home/chong/Workspace/ruby_app/AddressBook/app/helpers/entries_helper.rb": [
        1,
        1,
        0,
        0,
        null,
        null,
        0,
        null,
        null,
        null,
        null
      ],
      "/home/chong/Workspace/ruby_app/AddressBook/app/controllers/entries_controller.rb": [
        1,
        null,
        null,
        null,
        1,
        null,
        1,
        1,
        1,
        null,
        1,
        1,
        null,
        null,
        1,
        2,
        null,
        null,
        1,
        1,
        null,
        null,
        1,
        2,
        null,
        null,
        1,
        2,
        2,
        2,
        null,
        0,
        null,
        2,
        null,
        null,
        1,
        3,
        3,
        null,
        null,
        1,
        2,
        2,
        2,
        null,
        null,
        1,
        1,
        13,
        null,
        0,
        0,
        null,
        13,
        null,
        13,
        null,
        null,
        1,
        9,
        9,
        null,
        null,
        1,
        7,
        null,
        null,
        1,
        3,
        3,
        12,
        null,
        12,
        null,
        null,
        null
      ],
      "/home/chong/Workspace/ruby_app/AddressBook/app/models/entry.rb": [
        1,
        1,
        1,
        1,
        1,
        null,
        null,
        1,
        1,
        1,
        1,
        null,
        null,
        1,
        null,
        1,
        null,
        null,
        null,
        null,
        null,
        1,
        25,
        null,
        null,
        1,
        25,
        null,
        null,
        1,
        8,
        null,
        null,
        null
      ],
      "/home/chong/Workspace/ruby_app/AddressBook/app/models/avatar_uploader.rb": [
        1,
        1,
        null
      ],
      "/home/chong/Workspace/ruby_app/AddressBook/app/models/address.rb": [
        1,
        1,
        1,
        1,
        null,
        null,
        null,
        null,
        null,
        null,
        null,
        null,
        null
      ],
      "/home/chong/Workspace/ruby_app/AddressBook/app/models/address_type.rb": [
        1,
        1,
        null,
        null,
        null,
        null
      ],
      "/home/chong/Workspace/ruby_app/AddressBook/app/models/comment.rb": [
        null,
        null,
        null,
        null,
        null,
        null,
        null,
        null,
        null
      ],
      "/home/chong/Workspace/ruby_app/AddressBook/app/models/email.rb": [
        1,
        1,
        3,
        null,
        null,
        1,
        1,
        null,
        null,
        null
      ],
      "/home/chong/Workspace/ruby_app/AddressBook/app/models/url.rb": [
        1,
        1,
        1,
        1,
        null,
        1,
        12,
        null,
        null,
        1,
        null,
        0,
        null,
        null,
        null
      ],
      "/home/chong/Workspace/ruby_app/AddressBook/app/models/phone.rb": [
        1,
        1,
        6,
        null,
        null,
        1,
        2,
        null,
        null
      ],
      "/home/chong/Workspace/ruby_app/AddressBook/app/models/web.rb": [
        1,
        1,
        3,
        null,
        null,
        1,
        1,
        null,
        null
      ]
    },
    "timestamp": 1368337030
  }
}
